In file included from [01m[K/home/feng1909/exploration_simulation/src/rrt_planner/src/rrt_planner.cpp:2[m[K:
[01m[K/home/feng1909/exploration_simulation/src/rrt_planner/include/rrt_planner/rrt_planner.hpp:[m[K In function â€˜[01m[Kvoid rrt_expand()[m[Kâ€™:
[01m[K/home/feng1909/exploration_simulation/src/rrt_planner/include/rrt_planner/rrt_planner.hpp:157:3:[m[K [01;31m[Kerror: [m[Kâ€˜[01m[Kgetmetry_msgs[m[Kâ€™ has not been declared
  157 |   [01;31m[Kgetmetry_msgs[m[K::Point x_nearst_next;
      |   [01;31m[K^~~~~~~~~~~~~[m[K
In file included from [01m[K/home/feng1909/exploration_simulation/src/rrt_planner/src/rrt_planner.cpp:2[m[K:
[01m[K/home/feng1909/exploration_simulation/src/rrt_planner/include/rrt_planner/rrt_planner.hpp:176:5:[m[K [01;31m[Kerror: [m[Kâ€˜[01m[Kx_nearst_next[m[Kâ€™ was not declared in this scope; did you mean â€˜[01m[Kx_nearest[m[Kâ€™?
  176 |     [01;31m[Kx_nearst_next[m[K = Nearest(path_points, x_nearest);
      |     [01;31m[K^~~~~~~~~~~~~[m[K
      |     [32m[Kx_nearest[m[K
make[2]: *** [CMakeFiles/rrt_planner_node.dir/build.make:63ï¼šCMakeFiles/rrt_planner_node.dir/src/rrt_planner.cpp.o] é”™è¯¯ 1
make[1]: *** [CMakeFiles/Makefile2:239ï¼šCMakeFiles/rrt_planner_node.dir/all] é”™è¯¯ 2
make: *** [Makefile:141ï¼šall] é”™è¯¯ 2
